  [1m[35m (159.2ms)[0m  [1m[35mCREATE TABLE "schema_migrations" ("version" character varying PRIMARY KEY)[0m
  [1m[35m (111.9ms)[0m  [1m[35mCREATE TABLE "ar_internal_metadata" ("key" character varying PRIMARY KEY, "value" character varying, "created_at" timestamp NOT NULL, "updated_at" timestamp NOT NULL)[0m
  [1m[35m (1.2ms)[0m  [1m[34mSELECT pg_try_advisory_lock(2708841750765928260);[0m
  [1m[36mActiveRecord::SchemaMigration Load (1.4ms)[0m  [1m[34mSELECT "schema_migrations".* FROM "schema_migrations"[0m
Migrating to CreateNoticia (20170320022001)
  [1m[35m (0.5ms)[0m  [1m[35mBEGIN[0m
  [1m[35m (91.3ms)[0m  [1m[35mCREATE TABLE "noticia" ("id" serial primary key, "titulo" character varying, "bajada" character varying, "cuerpo" text, "n_comentarios" integer, "fecha" timestamp, "created_at" timestamp NOT NULL, "updated_at" timestamp NOT NULL)[0m
  [1m[35mSQL (1.5ms)[0m  [1m[32mINSERT INTO "schema_migrations" ("version") VALUES ($1) RETURNING "version"[0m  [["version", "20170320022001"]]
  [1m[35m (23.6ms)[0m  [1m[35mCOMMIT[0m
  [1m[36mActiveRecord::InternalMetadata Load (1.3ms)[0m  [1m[34mSELECT  "ar_internal_metadata".* FROM "ar_internal_metadata" WHERE "ar_internal_metadata"."key" = $1 LIMIT $2[0m  [["key", :environment], ["LIMIT", 1]]
  [1m[35m (0.5ms)[0m  [1m[35mBEGIN[0m
  [1m[35mSQL (1.1ms)[0m  [1m[32mINSERT INTO "ar_internal_metadata" ("key", "value", "created_at", "updated_at") VALUES ($1, $2, $3, $4) RETURNING "key"[0m  [["key", "environment"], ["value", "development"], ["created_at", 2017-03-20 02:20:43 UTC], ["updated_at", 2017-03-20 02:20:43 UTC]]
  [1m[35m (7.5ms)[0m  [1m[35mCOMMIT[0m
  [1m[35m (0.9ms)[0m  [1m[34mSELECT pg_advisory_unlock(2708841750765928260)[0m
  [1m[36mActiveRecord::SchemaMigration Load (1.0ms)[0m  [1m[34mSELECT "schema_migrations".* FROM "schema_migrations"[0m
  [1m[35m (1.0ms)[0m  [1m[34mSELECT pg_try_advisory_lock(2708841750765928260);[0m
  [1m[36mActiveRecord::SchemaMigration Load (1.1ms)[0m  [1m[34mSELECT "schema_migrations".* FROM "schema_migrations"[0m
  [1m[36mActiveRecord::InternalMetadata Load (1.3ms)[0m  [1m[34mSELECT  "ar_internal_metadata".* FROM "ar_internal_metadata" WHERE "ar_internal_metadata"."key" = $1 LIMIT $2[0m  [["key", :environment], ["LIMIT", 1]]
  [1m[35m (0.6ms)[0m  [1m[35mBEGIN[0m
  [1m[35m (0.6ms)[0m  [1m[35mCOMMIT[0m
  [1m[35m (0.8ms)[0m  [1m[34mSELECT pg_advisory_unlock(2708841750765928260)[0m
  [1m[36mActiveRecord::SchemaMigration Load (0.8ms)[0m  [1m[34mSELECT "schema_migrations".* FROM "schema_migrations"[0m
  [1m[35m (1.0ms)[0m  [1m[34mSELECT pg_try_advisory_lock(2708841750765928260);[0m
  [1m[36mActiveRecord::SchemaMigration Load (1.1ms)[0m  [1m[34mSELECT "schema_migrations".* FROM "schema_migrations"[0m
Migrating to CreateComentarios (20170320022216)
  [1m[35m (0.6ms)[0m  [1m[35mBEGIN[0m
  [1m[35m (144.6ms)[0m  [1m[35mCREATE TABLE "comentarios" ("id" serial primary key, "nombre" character varying, "contenido" text, "noticium_id" integer, "created_at" timestamp NOT NULL, "updated_at" timestamp NOT NULL, CONSTRAINT "fk_rails_59ce1b0308"
FOREIGN KEY ("noticium_id")
  REFERENCES "noticia" ("id")
)[0m
  [1m[35m (56.8ms)[0m  [1m[35mCREATE  INDEX  "index_comentarios_on_noticium_id" ON "comentarios"  ("noticium_id")[0m
  [1m[35mSQL (1.2ms)[0m  [1m[32mINSERT INTO "schema_migrations" ("version") VALUES ($1) RETURNING "version"[0m  [["version", "20170320022216"]]
  [1m[35m (20.4ms)[0m  [1m[35mCOMMIT[0m
  [1m[36mActiveRecord::InternalMetadata Load (1.5ms)[0m  [1m[34mSELECT  "ar_internal_metadata".* FROM "ar_internal_metadata" WHERE "ar_internal_metadata"."key" = $1 LIMIT $2[0m  [["key", :environment], ["LIMIT", 1]]
  [1m[35m (0.6ms)[0m  [1m[35mBEGIN[0m
  [1m[35m (0.5ms)[0m  [1m[35mCOMMIT[0m
  [1m[35m (0.8ms)[0m  [1m[34mSELECT pg_advisory_unlock(2708841750765928260)[0m
  [1m[36mActiveRecord::SchemaMigration Load (0.8ms)[0m  [1m[34mSELECT "schema_migrations".* FROM "schema_migrations"[0m
Started GET "/" for 127.0.0.1 at 2017-03-19 23:25:15 -0300
  [1m[36mActiveRecord::SchemaMigration Load (1.6ms)[0m  [1m[34mSELECT "schema_migrations".* FROM "schema_migrations"[0m
Processing by Rails::WelcomeController#index as HTML
  Parameters: {"internal"=>true}
  Rendering /home/nfsantibanez/.rbenv/versions/2.3.3/lib/ruby/gems/2.3.0/gems/railties-5.0.2/lib/rails/templates/rails/welcome/index.html.erb
  Rendered /home/nfsantibanez/.rbenv/versions/2.3.3/lib/ruby/gems/2.3.0/gems/railties-5.0.2/lib/rails/templates/rails/welcome/index.html.erb (5.4ms)
Completed 200 OK in 22ms (Views: 10.3ms | ActiveRecord: 0.0ms)


Started GET "/n" for 127.0.0.1 at 2017-03-19 23:25:17 -0300
  
ActionController::RoutingError (No route matches [GET] "/n"):
  
actionpack (5.0.2) lib/action_dispatch/middleware/debug_exceptions.rb:53:in `call'
web-console (3.4.0) lib/web_console/middleware.rb:135:in `call_app'
web-console (3.4.0) lib/web_console/middleware.rb:28:in `block in call'
web-console (3.4.0) lib/web_console/middleware.rb:18:in `catch'
web-console (3.4.0) lib/web_console/middleware.rb:18:in `call'
actionpack (5.0.2) lib/action_dispatch/middleware/show_exceptions.rb:31:in `call'
railties (5.0.2) lib/rails/rack/logger.rb:36:in `call_app'
railties (5.0.2) lib/rails/rack/logger.rb:24:in `block in call'
activesupport (5.0.2) lib/active_support/tagged_logging.rb:69:in `block in tagged'
activesupport (5.0.2) lib/active_support/tagged_logging.rb:26:in `tagged'
activesupport (5.0.2) lib/active_support/tagged_logging.rb:69:in `tagged'
railties (5.0.2) lib/rails/rack/logger.rb:24:in `call'
sprockets-rails (3.2.0) lib/sprockets/rails/quiet_assets.rb:13:in `call'
actionpack (5.0.2) lib/action_dispatch/middleware/request_id.rb:24:in `call'
rack (2.0.1) lib/rack/method_override.rb:22:in `call'
rack (2.0.1) lib/rack/runtime.rb:22:in `call'
activesupport (5.0.2) lib/active_support/cache/strategy/local_cache_middleware.rb:28:in `call'
actionpack (5.0.2) lib/action_dispatch/middleware/executor.rb:12:in `call'
actionpack (5.0.2) lib/action_dispatch/middleware/static.rb:136:in `call'
rack (2.0.1) lib/rack/sendfile.rb:111:in `call'
railties (5.0.2) lib/rails/engine.rb:522:in `call'
puma (3.8.2) lib/puma/configuration.rb:224:in `call'
puma (3.8.2) lib/puma/server.rb:600:in `handle_request'
puma (3.8.2) lib/puma/server.rb:435:in `process_client'
puma (3.8.2) lib/puma/server.rb:299:in `block in run'
puma (3.8.2) lib/puma/thread_pool.rb:120:in `block in spawn_thread'
  Rendering /home/nfsantibanez/.rbenv/versions/2.3.3/lib/ruby/gems/2.3.0/gems/actionpack-5.0.2/lib/action_dispatch/middleware/templates/rescues/routing_error.html.erb within rescues/layout
  Rendering /home/nfsantibanez/.rbenv/versions/2.3.3/lib/ruby/gems/2.3.0/gems/actionpack-5.0.2/lib/action_dispatch/middleware/templates/rescues/_trace.html.erb
  Rendered /home/nfsantibanez/.rbenv/versions/2.3.3/lib/ruby/gems/2.3.0/gems/actionpack-5.0.2/lib/action_dispatch/middleware/templates/rescues/_trace.html.erb (1.7ms)
  Rendered collection of /home/nfsantibanez/.rbenv/versions/2.3.3/lib/ruby/gems/2.3.0/gems/actionpack-5.0.2/lib/action_dispatch/middleware/templates/routes/_route.html.erb [16 times] (8.0ms)
  Rendered /home/nfsantibanez/.rbenv/versions/2.3.3/lib/ruby/gems/2.3.0/gems/actionpack-5.0.2/lib/action_dispatch/middleware/templates/routes/_table.html.erb (8.8ms)
  Rendering /home/nfsantibanez/.rbenv/versions/2.3.3/lib/ruby/gems/2.3.0/gems/actionpack-5.0.2/lib/action_dispatch/middleware/templates/rescues/_request_and_response.html.erb
  Rendered /home/nfsantibanez/.rbenv/versions/2.3.3/lib/ruby/gems/2.3.0/gems/actionpack-5.0.2/lib/action_dispatch/middleware/templates/rescues/_request_and_response.html.erb (1.5ms)
  Rendered /home/nfsantibanez/.rbenv/versions/2.3.3/lib/ruby/gems/2.3.0/gems/actionpack-5.0.2/lib/action_dispatch/middleware/templates/rescues/routing_error.html.erb within rescues/layout (56.3ms)
Started GET "/noticia" for 127.0.0.1 at 2017-03-19 23:25:23 -0300
Processing by NoticiaController#index as HTML
  Rendering noticia/index.html.erb within layouts/application
  [1m[36mNoticium Load (1.3ms)[0m  [1m[34mSELECT "noticia".* FROM "noticia"[0m
  Rendered noticia/index.html.erb within layouts/application (11.4ms)
Completed 200 OK in 1110ms (Views: 1093.3ms | ActiveRecord: 6.3ms)


Started GET "/noticia/new" for 127.0.0.1 at 2017-03-19 23:25:26 -0300
Processing by NoticiaController#new as HTML
  Rendering noticia/new.html.erb within layouts/application
  Rendered noticia/_form.html.erb (23.4ms)
  Rendered noticia/new.html.erb within layouts/application (25.3ms)
Completed 200 OK in 74ms (Views: 53.5ms | ActiveRecord: 6.3ms)


Started POST "/noticia" for 127.0.0.1 at 2017-03-19 23:25:43 -0300
Processing by NoticiaController#create as HTML
  Parameters: {"utf8"=>"✓", "authenticity_token"=>"szex91IrrZ2X5ErkOn9/SdlACEy61lYleYDVglQUkzEDq/awgvpE+Ex0FLrHt+YUM70xcLQHxKwju3K+XRVmsw==", "noticium"=>{"titulo"=>"Te amo amor mio", "bajada"=>"Te amo", "cuerpo"=>"Amo mucho a mi mujer!!!", "n_comentarios"=>"0", "fecha(1i)"=>"2017", "fecha(2i)"=>"3", "fecha(3i)"=>"20", "fecha(4i)"=>"02", "fecha(5i)"=>"25"}, "commit"=>"Create Noticium"}
  [1m[35m (0.3ms)[0m  [1m[35mBEGIN[0m
  [1m[35mSQL (1.1ms)[0m  [1m[32mINSERT INTO "noticia" ("titulo", "bajada", "cuerpo", "n_comentarios", "fecha", "created_at", "updated_at") VALUES ($1, $2, $3, $4, $5, $6, $7) RETURNING "id"[0m  [["titulo", "Te amo amor mio"], ["bajada", "Te amo"], ["cuerpo", "Amo mucho a mi mujer!!!"], ["n_comentarios", 0], ["fecha", 2017-03-20 02:25:00 UTC], ["created_at", 2017-03-20 02:25:43 UTC], ["updated_at", 2017-03-20 02:25:43 UTC]]
  [1m[35m (39.8ms)[0m  [1m[35mCOMMIT[0m
Redirected to http://localhost:3000/noticia/1
Completed 302 Found in 49ms (ActiveRecord: 41.2ms)


Started GET "/noticia/1" for 127.0.0.1 at 2017-03-19 23:25:43 -0300
Processing by NoticiaController#show as HTML
  Parameters: {"id"=>"1"}
  [1m[36mNoticium Load (0.7ms)[0m  [1m[34mSELECT  "noticia".* FROM "noticia" WHERE "noticia"."id" = $1 LIMIT $2[0m  [["id", 1], ["LIMIT", 1]]
  Rendering noticia/show.html.erb within layouts/application
  Rendered noticia/show.html.erb within layouts/application (2.4ms)
Completed 200 OK in 42ms (Views: 32.1ms | ActiveRecord: 1.2ms)


Started GET "/comentarios" for 127.0.0.1 at 2017-03-19 23:25:53 -0300
Processing by ComentariosController#index as HTML
  Rendering comentarios/index.html.erb within layouts/application
  [1m[36mComentario Load (2.0ms)[0m  [1m[34mSELECT "comentarios".* FROM "comentarios"[0m
  Rendered comentarios/index.html.erb within layouts/application (8.6ms)
Completed 200 OK in 71ms (Views: 37.4ms | ActiveRecord: 4.3ms)


Started GET "/comentarios/new" for 127.0.0.1 at 2017-03-19 23:25:55 -0300
Processing by ComentariosController#new as HTML
  Rendering comentarios/new.html.erb within layouts/application
  Rendered comentarios/_form.html.erb (4.7ms)
  Rendered comentarios/new.html.erb within layouts/application (6.6ms)
Completed 200 OK in 48ms (Views: 35.9ms | ActiveRecord: 2.9ms)


Started POST "/comentarios" for 127.0.0.1 at 2017-03-19 23:26:03 -0300
Processing by ComentariosController#create as HTML
  Parameters: {"utf8"=>"✓", "authenticity_token"=>"3zbY/S9czQwWd9u2YPwa5vDsylG3F1baduXShwMzvGHPQ97X2GnNTAspTJPJdwquW1qHzx5pabuYIQpOsEPbLQ==", "comentario"=>{"nombre"=>"coment 1", "contenido"=>"bla bla bla", "noticium_id"=>"2"}, "commit"=>"Create Comentario"}
  [1m[35m (0.3ms)[0m  [1m[35mBEGIN[0m
  [1m[36mNoticium Load (0.8ms)[0m  [1m[34mSELECT  "noticia".* FROM "noticia" WHERE "noticia"."id" = $1 LIMIT $2[0m  [["id", 2], ["LIMIT", 1]]
  [1m[35m (0.4ms)[0m  [1m[31mROLLBACK[0m
  Rendering comentarios/new.html.erb within layouts/application
  Rendered comentarios/_form.html.erb (4.2ms)
  Rendered comentarios/new.html.erb within layouts/application (6.2ms)
Completed 200 OK in 54ms (Views: 34.1ms | ActiveRecord: 2.0ms)


Started POST "/comentarios" for 127.0.0.1 at 2017-03-19 23:26:08 -0300
Processing by ComentariosController#create as HTML
  Parameters: {"utf8"=>"✓", "authenticity_token"=>"H1wpKS2bSZ3XvYjYcFS9DcTm/39kI5SqZlIFNuFMc3D8KmMU1Dv98a3anIFuG0wV1WWtzfyBzZPKQq9FO58IlQ==", "comentario"=>{"nombre"=>"coment 1", "contenido"=>"bla bla bla", "noticium_id"=>"1"}, "commit"=>"Create Comentario"}
  [1m[35m (0.3ms)[0m  [1m[35mBEGIN[0m
  [1m[36mNoticium Load (1.0ms)[0m  [1m[34mSELECT  "noticia".* FROM "noticia" WHERE "noticia"."id" = $1 LIMIT $2[0m  [["id", 1], ["LIMIT", 1]]
  [1m[35mSQL (1.9ms)[0m  [1m[32mINSERT INTO "comentarios" ("nombre", "contenido", "noticium_id", "created_at", "updated_at") VALUES ($1, $2, $3, $4, $5) RETURNING "id"[0m  [["nombre", "coment 1"], ["contenido", "bla bla bla"], ["noticium_id", 1], ["created_at", 2017-03-20 02:26:08 UTC], ["updated_at", 2017-03-20 02:26:08 UTC]]
  [1m[35m (103.3ms)[0m  [1m[35mCOMMIT[0m
Redirected to http://localhost:3000/comentarios/1
Completed 302 Found in 115ms (ActiveRecord: 106.4ms)


Started GET "/comentarios/1" for 127.0.0.1 at 2017-03-19 23:26:08 -0300
Processing by ComentariosController#show as HTML
  Parameters: {"id"=>"1"}
  [1m[36mComentario Load (1.1ms)[0m  [1m[34mSELECT  "comentarios".* FROM "comentarios" WHERE "comentarios"."id" = $1 LIMIT $2[0m  [["id", 1], ["LIMIT", 1]]
  Rendering comentarios/show.html.erb within layouts/application
  [1m[36mNoticium Load (0.6ms)[0m  [1m[34mSELECT  "noticia".* FROM "noticia" WHERE "noticia"."id" = $1 LIMIT $2[0m  [["id", 1], ["LIMIT", 1]]
  Rendered comentarios/show.html.erb within layouts/application (4.6ms)
Completed 200 OK in 41ms (Views: 35.3ms | ActiveRecord: 1.8ms)


Started GET "/comentarios" for 127.0.0.1 at 2017-03-19 23:26:12 -0300
Processing by ComentariosController#index as HTML
  Rendering comentarios/index.html.erb within layouts/application
  [1m[36mComentario Load (0.8ms)[0m  [1m[34mSELECT "comentarios".* FROM "comentarios"[0m
  [1m[36mNoticium Load (0.8ms)[0m  [1m[34mSELECT  "noticia".* FROM "noticia" WHERE "noticia"."id" = $1 LIMIT $2[0m  [["id", 1], ["LIMIT", 1]]
  Rendered comentarios/index.html.erb within layouts/application (8.4ms)
Completed 200 OK in 57ms (Views: 53.4ms | ActiveRecord: 1.6ms)


Started GET "/comentarios/new" for 127.0.0.1 at 2017-03-19 23:26:13 -0300
Processing by ComentariosController#new as HTML
  Rendering comentarios/new.html.erb within layouts/application
  Rendered comentarios/_form.html.erb (5.3ms)
  Rendered comentarios/new.html.erb within layouts/application (7.3ms)
Completed 200 OK in 45ms (Views: 43.3ms | ActiveRecord: 0.0ms)


Started POST "/comentarios" for 127.0.0.1 at 2017-03-19 23:26:25 -0300
Processing by ComentariosController#create as HTML
  Parameters: {"utf8"=>"✓", "authenticity_token"=>"04CCBufG+oAAKArAs2XcrIrrg6qOa9jblEwaQkE32WDD9YQsEPP6wB12neUa7szkIV3ONCcV57p6iMKL8ke+LA==", "comentario"=>{"nombre"=>"coment 2", "contenido"=>"blu blu blu", "noticium_id"=>"1"}, "commit"=>"Create Comentario"}
  [1m[35m (0.7ms)[0m  [1m[35mBEGIN[0m
  [1m[36mNoticium Load (0.7ms)[0m  [1m[34mSELECT  "noticia".* FROM "noticia" WHERE "noticia"."id" = $1 LIMIT $2[0m  [["id", 1], ["LIMIT", 1]]
  [1m[35mSQL (1.3ms)[0m  [1m[32mINSERT INTO "comentarios" ("nombre", "contenido", "noticium_id", "created_at", "updated_at") VALUES ($1, $2, $3, $4, $5) RETURNING "id"[0m  [["nombre", "coment 2"], ["contenido", "blu blu blu"], ["noticium_id", 1], ["created_at", 2017-03-20 02:26:25 UTC], ["updated_at", 2017-03-20 02:26:25 UTC]]
  [1m[35m (53.4ms)[0m  [1m[35mCOMMIT[0m
Redirected to http://localhost:3000/comentarios/2
Completed 302 Found in 64ms (ActiveRecord: 56.1ms)


Started GET "/comentarios/2" for 127.0.0.1 at 2017-03-19 23:26:25 -0300
Processing by ComentariosController#show as HTML
  Parameters: {"id"=>"2"}
  [1m[36mComentario Load (0.9ms)[0m  [1m[34mSELECT  "comentarios".* FROM "comentarios" WHERE "comentarios"."id" = $1 LIMIT $2[0m  [["id", 2], ["LIMIT", 1]]
  Rendering comentarios/show.html.erb within layouts/application
  [1m[36mNoticium Load (0.8ms)[0m  [1m[34mSELECT  "noticia".* FROM "noticia" WHERE "noticia"."id" = $1 LIMIT $2[0m  [["id", 1], ["LIMIT", 1]]
  Rendered comentarios/show.html.erb within layouts/application (4.5ms)
Completed 200 OK in 40ms (Views: 35.6ms | ActiveRecord: 1.7ms)


Started GET "/comentarios/index" for 127.0.0.1 at 2017-03-19 23:26:37 -0300
Processing by ComentariosController#show as HTML
  Parameters: {"id"=>"index"}
  [1m[36mComentario Load (0.7ms)[0m  [1m[34mSELECT  "comentarios".* FROM "comentarios" WHERE "comentarios"."id" = $1 LIMIT $2[0m  [["id", 0], ["LIMIT", 1]]
Completed 404 Not Found in 3ms (ActiveRecord: 0.7ms)


  
ActiveRecord::RecordNotFound (Couldn't find Comentario with 'id'=index):
  
app/controllers/comentarios_controller.rb:67:in `set_comentario'
  Rendering /home/nfsantibanez/.rbenv/versions/2.3.3/lib/ruby/gems/2.3.0/gems/actionpack-5.0.2/lib/action_dispatch/middleware/templates/rescues/diagnostics.html.erb within rescues/layout
  Rendering /home/nfsantibanez/.rbenv/versions/2.3.3/lib/ruby/gems/2.3.0/gems/actionpack-5.0.2/lib/action_dispatch/middleware/templates/rescues/_source.html.erb
  Rendered /home/nfsantibanez/.rbenv/versions/2.3.3/lib/ruby/gems/2.3.0/gems/actionpack-5.0.2/lib/action_dispatch/middleware/templates/rescues/_source.html.erb (5.0ms)
  Rendering /home/nfsantibanez/.rbenv/versions/2.3.3/lib/ruby/gems/2.3.0/gems/actionpack-5.0.2/lib/action_dispatch/middleware/templates/rescues/_trace.html.erb
  Rendered /home/nfsantibanez/.rbenv/versions/2.3.3/lib/ruby/gems/2.3.0/gems/actionpack-5.0.2/lib/action_dispatch/middleware/templates/rescues/_trace.html.erb (2.5ms)
  Rendering /home/nfsantibanez/.rbenv/versions/2.3.3/lib/ruby/gems/2.3.0/gems/actionpack-5.0.2/lib/action_dispatch/middleware/templates/rescues/_request_and_response.html.erb
  Rendered /home/nfsantibanez/.rbenv/versions/2.3.3/lib/ruby/gems/2.3.0/gems/actionpack-5.0.2/lib/action_dispatch/middleware/templates/rescues/_request_and_response.html.erb (2.2ms)
  Rendered /home/nfsantibanez/.rbenv/versions/2.3.3/lib/ruby/gems/2.3.0/gems/actionpack-5.0.2/lib/action_dispatch/middleware/templates/rescues/diagnostics.html.erb within rescues/layout (37.0ms)
Started GET "/noticia/index" for 127.0.0.1 at 2017-03-19 23:26:47 -0300
Processing by NoticiaController#show as HTML
  Parameters: {"id"=>"index"}
  [1m[36mNoticium Load (0.9ms)[0m  [1m[34mSELECT  "noticia".* FROM "noticia" WHERE "noticia"."id" = $1 LIMIT $2[0m  [["id", 0], ["LIMIT", 1]]
Completed 404 Not Found in 4ms (ActiveRecord: 0.9ms)


  
ActiveRecord::RecordNotFound (Couldn't find Noticium with 'id'=index):
  
app/controllers/noticia_controller.rb:67:in `set_noticium'
  Rendering /home/nfsantibanez/.rbenv/versions/2.3.3/lib/ruby/gems/2.3.0/gems/actionpack-5.0.2/lib/action_dispatch/middleware/templates/rescues/diagnostics.html.erb within rescues/layout
  Rendering /home/nfsantibanez/.rbenv/versions/2.3.3/lib/ruby/gems/2.3.0/gems/actionpack-5.0.2/lib/action_dispatch/middleware/templates/rescues/_source.html.erb
  Rendered /home/nfsantibanez/.rbenv/versions/2.3.3/lib/ruby/gems/2.3.0/gems/actionpack-5.0.2/lib/action_dispatch/middleware/templates/rescues/_source.html.erb (4.3ms)
  Rendering /home/nfsantibanez/.rbenv/versions/2.3.3/lib/ruby/gems/2.3.0/gems/actionpack-5.0.2/lib/action_dispatch/middleware/templates/rescues/_trace.html.erb
  Rendered /home/nfsantibanez/.rbenv/versions/2.3.3/lib/ruby/gems/2.3.0/gems/actionpack-5.0.2/lib/action_dispatch/middleware/templates/rescues/_trace.html.erb (2.1ms)
  Rendering /home/nfsantibanez/.rbenv/versions/2.3.3/lib/ruby/gems/2.3.0/gems/actionpack-5.0.2/lib/action_dispatch/middleware/templates/rescues/_request_and_response.html.erb
  Rendered /home/nfsantibanez/.rbenv/versions/2.3.3/lib/ruby/gems/2.3.0/gems/actionpack-5.0.2/lib/action_dispatch/middleware/templates/rescues/_request_and_response.html.erb (1.2ms)
  Rendered /home/nfsantibanez/.rbenv/versions/2.3.3/lib/ruby/gems/2.3.0/gems/actionpack-5.0.2/lib/action_dispatch/middleware/templates/rescues/diagnostics.html.erb within rescues/layout (33.2ms)
Started GET "/noticia/1/index" for 127.0.0.1 at 2017-03-19 23:26:54 -0300
  
ActionController::RoutingError (No route matches [GET] "/noticia/1/index"):
  
actionpack (5.0.2) lib/action_dispatch/middleware/debug_exceptions.rb:53:in `call'
web-console (3.4.0) lib/web_console/middleware.rb:135:in `call_app'
web-console (3.4.0) lib/web_console/middleware.rb:28:in `block in call'
web-console (3.4.0) lib/web_console/middleware.rb:18:in `catch'
web-console (3.4.0) lib/web_console/middleware.rb:18:in `call'
actionpack (5.0.2) lib/action_dispatch/middleware/show_exceptions.rb:31:in `call'
railties (5.0.2) lib/rails/rack/logger.rb:36:in `call_app'
railties (5.0.2) lib/rails/rack/logger.rb:24:in `block in call'
activesupport (5.0.2) lib/active_support/tagged_logging.rb:69:in `block in tagged'
activesupport (5.0.2) lib/active_support/tagged_logging.rb:26:in `tagged'
activesupport (5.0.2) lib/active_support/tagged_logging.rb:69:in `tagged'
railties (5.0.2) lib/rails/rack/logger.rb:24:in `call'
sprockets-rails (3.2.0) lib/sprockets/rails/quiet_assets.rb:13:in `call'
actionpack (5.0.2) lib/action_dispatch/middleware/request_id.rb:24:in `call'
rack (2.0.1) lib/rack/method_override.rb:22:in `call'
rack (2.0.1) lib/rack/runtime.rb:22:in `call'
activesupport (5.0.2) lib/active_support/cache/strategy/local_cache_middleware.rb:28:in `call'
actionpack (5.0.2) lib/action_dispatch/middleware/executor.rb:12:in `call'
actionpack (5.0.2) lib/action_dispatch/middleware/static.rb:136:in `call'
rack (2.0.1) lib/rack/sendfile.rb:111:in `call'
railties (5.0.2) lib/rails/engine.rb:522:in `call'
puma (3.8.2) lib/puma/configuration.rb:224:in `call'
puma (3.8.2) lib/puma/server.rb:600:in `handle_request'
puma (3.8.2) lib/puma/server.rb:435:in `process_client'
puma (3.8.2) lib/puma/server.rb:299:in `block in run'
puma (3.8.2) lib/puma/thread_pool.rb:120:in `block in spawn_thread'
  Rendering /home/nfsantibanez/.rbenv/versions/2.3.3/lib/ruby/gems/2.3.0/gems/actionpack-5.0.2/lib/action_dispatch/middleware/templates/rescues/routing_error.html.erb within rescues/layout
  Rendering /home/nfsantibanez/.rbenv/versions/2.3.3/lib/ruby/gems/2.3.0/gems/actionpack-5.0.2/lib/action_dispatch/middleware/templates/rescues/_trace.html.erb
  Rendered /home/nfsantibanez/.rbenv/versions/2.3.3/lib/ruby/gems/2.3.0/gems/actionpack-5.0.2/lib/action_dispatch/middleware/templates/rescues/_trace.html.erb (1.6ms)
  Rendered collection of /home/nfsantibanez/.rbenv/versions/2.3.3/lib/ruby/gems/2.3.0/gems/actionpack-5.0.2/lib/action_dispatch/middleware/templates/routes/_route.html.erb [16 times] (6.1ms)
  Rendered /home/nfsantibanez/.rbenv/versions/2.3.3/lib/ruby/gems/2.3.0/gems/actionpack-5.0.2/lib/action_dispatch/middleware/templates/routes/_table.html.erb (2.4ms)
  Rendering /home/nfsantibanez/.rbenv/versions/2.3.3/lib/ruby/gems/2.3.0/gems/actionpack-5.0.2/lib/action_dispatch/middleware/templates/rescues/_request_and_response.html.erb
  Rendered /home/nfsantibanez/.rbenv/versions/2.3.3/lib/ruby/gems/2.3.0/gems/actionpack-5.0.2/lib/action_dispatch/middleware/templates/rescues/_request_and_response.html.erb (1.6ms)
  Rendered /home/nfsantibanez/.rbenv/versions/2.3.3/lib/ruby/gems/2.3.0/gems/actionpack-5.0.2/lib/action_dispatch/middleware/templates/rescues/routing_error.html.erb within rescues/layout (45.1ms)
Started GET "/noticium/1/index" for 127.0.0.1 at 2017-03-19 23:27:03 -0300
  
ActionController::RoutingError (No route matches [GET] "/noticium/1/index"):
  
actionpack (5.0.2) lib/action_dispatch/middleware/debug_exceptions.rb:53:in `call'
web-console (3.4.0) lib/web_console/middleware.rb:135:in `call_app'
web-console (3.4.0) lib/web_console/middleware.rb:28:in `block in call'
web-console (3.4.0) lib/web_console/middleware.rb:18:in `catch'
web-console (3.4.0) lib/web_console/middleware.rb:18:in `call'
actionpack (5.0.2) lib/action_dispatch/middleware/show_exceptions.rb:31:in `call'
railties (5.0.2) lib/rails/rack/logger.rb:36:in `call_app'
railties (5.0.2) lib/rails/rack/logger.rb:24:in `block in call'
activesupport (5.0.2) lib/active_support/tagged_logging.rb:69:in `block in tagged'
activesupport (5.0.2) lib/active_support/tagged_logging.rb:26:in `tagged'
activesupport (5.0.2) lib/active_support/tagged_logging.rb:69:in `tagged'
railties (5.0.2) lib/rails/rack/logger.rb:24:in `call'
sprockets-rails (3.2.0) lib/sprockets/rails/quiet_assets.rb:13:in `call'
actionpack (5.0.2) lib/action_dispatch/middleware/request_id.rb:24:in `call'
rack (2.0.1) lib/rack/method_override.rb:22:in `call'
rack (2.0.1) lib/rack/runtime.rb:22:in `call'
activesupport (5.0.2) lib/active_support/cache/strategy/local_cache_middleware.rb:28:in `call'
actionpack (5.0.2) lib/action_dispatch/middleware/executor.rb:12:in `call'
actionpack (5.0.2) lib/action_dispatch/middleware/static.rb:136:in `call'
rack (2.0.1) lib/rack/sendfile.rb:111:in `call'
railties (5.0.2) lib/rails/engine.rb:522:in `call'
puma (3.8.2) lib/puma/configuration.rb:224:in `call'
puma (3.8.2) lib/puma/server.rb:600:in `handle_request'
puma (3.8.2) lib/puma/server.rb:435:in `process_client'
puma (3.8.2) lib/puma/server.rb:299:in `block in run'
puma (3.8.2) lib/puma/thread_pool.rb:120:in `block in spawn_thread'
  Rendering /home/nfsantibanez/.rbenv/versions/2.3.3/lib/ruby/gems/2.3.0/gems/actionpack-5.0.2/lib/action_dispatch/middleware/templates/rescues/routing_error.html.erb within rescues/layout
  Rendering /home/nfsantibanez/.rbenv/versions/2.3.3/lib/ruby/gems/2.3.0/gems/actionpack-5.0.2/lib/action_dispatch/middleware/templates/rescues/_trace.html.erb
  Rendered /home/nfsantibanez/.rbenv/versions/2.3.3/lib/ruby/gems/2.3.0/gems/actionpack-5.0.2/lib/action_dispatch/middleware/templates/rescues/_trace.html.erb (1.6ms)
  Rendered collection of /home/nfsantibanez/.rbenv/versions/2.3.3/lib/ruby/gems/2.3.0/gems/actionpack-5.0.2/lib/action_dispatch/middleware/templates/routes/_route.html.erb [16 times] (6.3ms)
  Rendered /home/nfsantibanez/.rbenv/versions/2.3.3/lib/ruby/gems/2.3.0/gems/actionpack-5.0.2/lib/action_dispatch/middleware/templates/routes/_table.html.erb (1.7ms)
  Rendering /home/nfsantibanez/.rbenv/versions/2.3.3/lib/ruby/gems/2.3.0/gems/actionpack-5.0.2/lib/action_dispatch/middleware/templates/rescues/_request_and_response.html.erb
  Rendered /home/nfsantibanez/.rbenv/versions/2.3.3/lib/ruby/gems/2.3.0/gems/actionpack-5.0.2/lib/action_dispatch/middleware/templates/rescues/_request_and_response.html.erb (2.0ms)
  Rendered /home/nfsantibanez/.rbenv/versions/2.3.3/lib/ruby/gems/2.3.0/gems/actionpack-5.0.2/lib/action_dispatch/middleware/templates/rescues/routing_error.html.erb within rescues/layout (43.6ms)
Started GET "/noticia/1" for 127.0.0.1 at 2017-03-19 23:27:10 -0300
Processing by NoticiaController#show as HTML
  Parameters: {"id"=>"1"}
  [1m[36mNoticium Load (0.7ms)[0m  [1m[34mSELECT  "noticia".* FROM "noticia" WHERE "noticia"."id" = $1 LIMIT $2[0m  [["id", 1], ["LIMIT", 1]]
  Rendering noticia/show.html.erb within layouts/application
  Rendered noticia/show.html.erb within layouts/application (1.3ms)
Completed 200 OK in 36ms (Views: 31.0ms | ActiveRecord: 0.7ms)


Started GET "/noticia" for 127.0.0.1 at 2017-03-19 23:27:26 -0300
Processing by NoticiaController#index as HTML
  Rendering noticia/index.html.erb within layouts/application
  [1m[36mNoticium Load (0.8ms)[0m  [1m[34mSELECT "noticia".* FROM "noticia"[0m
  Rendered noticia/index.html.erb within layouts/application (5.0ms)
Completed 200 OK in 44ms (Views: 41.2ms | ActiveRecord: 0.8ms)


Started GET "/noticia" for 127.0.0.1 at 2017-03-19 23:27:31 -0300
Processing by NoticiaController#index as HTML
  Rendering noticia/index.html.erb within layouts/application
  [1m[36mNoticium Load (0.7ms)[0m  [1m[34mSELECT "noticia".* FROM "noticia"[0m
  Rendered noticia/index.html.erb within layouts/application (3.8ms)
Completed 200 OK in 39ms (Views: 36.0ms | ActiveRecord: 0.7ms)


Started GET "/noticia/1" for 127.0.0.1 at 2017-03-19 23:29:29 -0300
Processing by NoticiaController#show as HTML
  Parameters: {"id"=>"1"}
  [1m[36mNoticium Load (1.2ms)[0m  [1m[34mSELECT  "noticia".* FROM "noticia" WHERE "noticia"."id" = $1 LIMIT $2[0m  [["id", 1], ["LIMIT", 1]]
  Rendering noticia/show.html.erb within layouts/application
  Rendered noticia/show.html.erb within layouts/application (1.3ms)
Completed 200 OK in 37ms (Views: 32.5ms | ActiveRecord: 1.2ms)


Started GET "/noticia/1/comentarios" for 127.0.0.1 at 2017-03-19 23:29:36 -0300
  
ActionController::RoutingError (No route matches [GET] "/noticia/1/comentarios"):
  
actionpack (5.0.2) lib/action_dispatch/middleware/debug_exceptions.rb:53:in `call'
web-console (3.4.0) lib/web_console/middleware.rb:135:in `call_app'
web-console (3.4.0) lib/web_console/middleware.rb:28:in `block in call'
web-console (3.4.0) lib/web_console/middleware.rb:18:in `catch'
web-console (3.4.0) lib/web_console/middleware.rb:18:in `call'
actionpack (5.0.2) lib/action_dispatch/middleware/show_exceptions.rb:31:in `call'
railties (5.0.2) lib/rails/rack/logger.rb:36:in `call_app'
railties (5.0.2) lib/rails/rack/logger.rb:24:in `block in call'
activesupport (5.0.2) lib/active_support/tagged_logging.rb:69:in `block in tagged'
activesupport (5.0.2) lib/active_support/tagged_logging.rb:26:in `tagged'
activesupport (5.0.2) lib/active_support/tagged_logging.rb:69:in `tagged'
railties (5.0.2) lib/rails/rack/logger.rb:24:in `call'
sprockets-rails (3.2.0) lib/sprockets/rails/quiet_assets.rb:13:in `call'
actionpack (5.0.2) lib/action_dispatch/middleware/request_id.rb:24:in `call'
rack (2.0.1) lib/rack/method_override.rb:22:in `call'
rack (2.0.1) lib/rack/runtime.rb:22:in `call'
activesupport (5.0.2) lib/active_support/cache/strategy/local_cache_middleware.rb:28:in `call'
actionpack (5.0.2) lib/action_dispatch/middleware/executor.rb:12:in `call'
actionpack (5.0.2) lib/action_dispatch/middleware/static.rb:136:in `call'
rack (2.0.1) lib/rack/sendfile.rb:111:in `call'
railties (5.0.2) lib/rails/engine.rb:522:in `call'
puma (3.8.2) lib/puma/configuration.rb:224:in `call'
puma (3.8.2) lib/puma/server.rb:600:in `handle_request'
puma (3.8.2) lib/puma/server.rb:435:in `process_client'
puma (3.8.2) lib/puma/server.rb:299:in `block in run'
puma (3.8.2) lib/puma/thread_pool.rb:120:in `block in spawn_thread'
  Rendering /home/nfsantibanez/.rbenv/versions/2.3.3/lib/ruby/gems/2.3.0/gems/actionpack-5.0.2/lib/action_dispatch/middleware/templates/rescues/routing_error.html.erb within rescues/layout
  Rendering /home/nfsantibanez/.rbenv/versions/2.3.3/lib/ruby/gems/2.3.0/gems/actionpack-5.0.2/lib/action_dispatch/middleware/templates/rescues/_trace.html.erb
  Rendered /home/nfsantibanez/.rbenv/versions/2.3.3/lib/ruby/gems/2.3.0/gems/actionpack-5.0.2/lib/action_dispatch/middleware/templates/rescues/_trace.html.erb (2.0ms)
  Rendered collection of /home/nfsantibanez/.rbenv/versions/2.3.3/lib/ruby/gems/2.3.0/gems/actionpack-5.0.2/lib/action_dispatch/middleware/templates/routes/_route.html.erb [16 times] (6.0ms)
  Rendered /home/nfsantibanez/.rbenv/versions/2.3.3/lib/ruby/gems/2.3.0/gems/actionpack-5.0.2/lib/action_dispatch/middleware/templates/routes/_table.html.erb (1.8ms)
  Rendering /home/nfsantibanez/.rbenv/versions/2.3.3/lib/ruby/gems/2.3.0/gems/actionpack-5.0.2/lib/action_dispatch/middleware/templates/rescues/_request_and_response.html.erb
  Rendered /home/nfsantibanez/.rbenv/versions/2.3.3/lib/ruby/gems/2.3.0/gems/actionpack-5.0.2/lib/action_dispatch/middleware/templates/rescues/_request_and_response.html.erb (1.3ms)
  Rendered /home/nfsantibanez/.rbenv/versions/2.3.3/lib/ruby/gems/2.3.0/gems/actionpack-5.0.2/lib/action_dispatch/middleware/templates/rescues/routing_error.html.erb within rescues/layout (41.8ms)
Started GET "/noticia/" for 127.0.0.1 at 2017-03-19 23:32:53 -0300
Processing by NoticiaController#index as HTML
  Rendering noticia/index.html.erb within layouts/application
  [1m[36mNoticium Load (0.8ms)[0m  [1m[34mSELECT "noticia".* FROM "noticia"[0m
  Rendered noticia/index.html.erb within layouts/application (4.5ms)
Completed 200 OK in 35ms (Views: 32.6ms | ActiveRecord: 0.8ms)


Started GET "/noticia/" for 127.0.0.1 at 2017-03-19 23:35:07 -0300
Processing by NoticiaController#index as HTML
  Rendering noticia/index.html.erb within layouts/application
  [1m[36mNoticium Load (0.8ms)[0m  [1m[34mSELECT "noticia".* FROM "noticia"[0m
  [1m[36mComentario Load (1.0ms)[0m  [1m[34mSELECT "comentarios".* FROM "comentarios" WHERE "comentarios"."noticium_id" = $1[0m  [["noticium_id", 1]]
  Rendered noticia/index.html.erb within layouts/application (41.9ms)
Completed 500 Internal Server Error in 47ms (ActiveRecord: 1.8ms)


  
ActionView::Template::Error (undefined method `id' for #<Comentario::ActiveRecord_Associations_CollectionProxy:0x007efc643e6108>
Did you mean?  ids):
    25:         <td><%= link_to 'Show', noticium %></td>
    26:         <td><%= link_to 'Edit', edit_noticium_path(noticium) %></td>
    27:         <td><%= link_to 'Destroy', noticium, method: :delete, data: { confirm: 'Are you sure?' } %></td>
    28:         <td><%= noticium.comentarios.id %><td>
    29:       </tr>
    30:     <% end %>
    31:   </tbody>
  
app/views/noticia/index.html.erb:28:in `block in _app_views_noticia_index_html_erb___194289428778044158_69811305811040'
app/views/noticia/index.html.erb:18:in `_app_views_noticia_index_html_erb___194289428778044158_69811305811040'
  Rendering /home/nfsantibanez/.rbenv/versions/2.3.3/lib/ruby/gems/2.3.0/gems/actionpack-5.0.2/lib/action_dispatch/middleware/templates/rescues/template_error.html.erb within rescues/layout
  Rendering /home/nfsantibanez/.rbenv/versions/2.3.3/lib/ruby/gems/2.3.0/gems/actionpack-5.0.2/lib/action_dispatch/middleware/templates/rescues/_source.html.erb
  Rendered /home/nfsantibanez/.rbenv/versions/2.3.3/lib/ruby/gems/2.3.0/gems/actionpack-5.0.2/lib/action_dispatch/middleware/templates/rescues/_source.html.erb (6.5ms)
  Rendering /home/nfsantibanez/.rbenv/versions/2.3.3/lib/ruby/gems/2.3.0/gems/actionpack-5.0.2/lib/action_dispatch/middleware/templates/rescues/_trace.html.erb
  Rendered /home/nfsantibanez/.rbenv/versions/2.3.3/lib/ruby/gems/2.3.0/gems/actionpack-5.0.2/lib/action_dispatch/middleware/templates/rescues/_trace.html.erb (2.6ms)
  Rendering /home/nfsantibanez/.rbenv/versions/2.3.3/lib/ruby/gems/2.3.0/gems/actionpack-5.0.2/lib/action_dispatch/middleware/templates/rescues/_request_and_response.html.erb
  Rendered /home/nfsantibanez/.rbenv/versions/2.3.3/lib/ruby/gems/2.3.0/gems/actionpack-5.0.2/lib/action_dispatch/middleware/templates/rescues/_request_and_response.html.erb (1.1ms)
  Rendered /home/nfsantibanez/.rbenv/versions/2.3.3/lib/ruby/gems/2.3.0/gems/actionpack-5.0.2/lib/action_dispatch/middleware/templates/rescues/template_error.html.erb within rescues/layout (33.8ms)
Started GET "/noticia/" for 127.0.0.1 at 2017-03-19 23:35:35 -0300
Processing by NoticiaController#index as HTML
  Rendering noticia/index.html.erb within layouts/application
  [1m[36mNoticium Load (0.9ms)[0m  [1m[34mSELECT "noticia".* FROM "noticia"[0m
  [1m[35m (0.9ms)[0m  [1m[34mSELECT "comentarios"."id" FROM "comentarios" WHERE "comentarios"."noticium_id" = $1[0m  [["noticium_id", 1]]
  Rendered noticia/index.html.erb within layouts/application (7.7ms)
Completed 200 OK in 38ms (Views: 33.7ms | ActiveRecord: 1.8ms)


Started GET "/noticia/" for 127.0.0.1 at 2017-03-19 23:40:02 -0300
Processing by NoticiaController#index as HTML
  Rendering noticia/index.html.erb within layouts/application
  [1m[36mNoticium Load (0.7ms)[0m  [1m[34mSELECT "noticia".* FROM "noticia"[0m
  [1m[35m (0.9ms)[0m  [1m[34mSELECT "comentarios"."id" FROM "comentarios" WHERE "comentarios"."noticium_id" = $1[0m  [["noticium_id", 1]]
  Rendered noticia/index.html.erb within layouts/application (7.9ms)
Completed 200 OK in 47ms (Views: 42.1ms | ActiveRecord: 1.7ms)


Started GET "/noticia/" for 127.0.0.1 at 2017-03-19 23:43:51 -0300
Processing by NoticiaController#index as HTML
  Rendering noticia/index.html.erb within layouts/application
  [1m[36mNoticium Load (1.4ms)[0m  [1m[34mSELECT "noticia".* FROM "noticia"[0m
  [1m[35m (1.4ms)[0m  [1m[34mSELECT "comentarios"."id" FROM "comentarios" WHERE "comentarios"."noticium_id" = $1[0m  [["noticium_id", 1]]
  Rendered noticia/index.html.erb within layouts/application (8.6ms)
Completed 200 OK in 54ms (Views: 48.3ms | ActiveRecord: 2.8ms)


Started GET "/noticia/" for 127.0.0.1 at 2017-03-19 23:43:56 -0300
Processing by NoticiaController#index as HTML
  Rendering noticia/index.html.erb within layouts/application
  [1m[36mNoticium Load (0.7ms)[0m  [1m[34mSELECT "noticia".* FROM "noticia"[0m
  [1m[35m (0.8ms)[0m  [1m[34mSELECT "comentarios"."id" FROM "comentarios" WHERE "comentarios"."noticium_id" = $1[0m  [["noticium_id", 1]]
  Rendered noticia/index.html.erb within layouts/application (8.3ms)
Completed 200 OK in 39ms (Views: 34.7ms | ActiveRecord: 1.5ms)


Started GET "/noticia/1" for 127.0.0.1 at 2017-03-19 23:44:41 -0300
Processing by NoticiaController#show as HTML
  Parameters: {"id"=>"1"}
  [1m[36mNoticium Load (0.8ms)[0m  [1m[34mSELECT  "noticia".* FROM "noticia" WHERE "noticia"."id" = $1 LIMIT $2[0m  [["id", 1], ["LIMIT", 1]]
  Rendering noticia/show.html.erb within layouts/application
  Rendered noticia/show.html.erb within layouts/application (1.8ms)
Completed 200 OK in 36ms (Views: 32.1ms | ActiveRecord: 0.8ms)


Started GET "/noticia/1" for 127.0.0.1 at 2017-03-19 23:45:05 -0300
Processing by NoticiaController#show as HTML
  Parameters: {"id"=>"1"}
  [1m[36mNoticium Load (1.2ms)[0m  [1m[34mSELECT  "noticia".* FROM "noticia" WHERE "noticia"."id" = $1 LIMIT $2[0m  [["id", 1], ["LIMIT", 1]]
  Rendering noticia/show.html.erb within layouts/application
  [1m[35m (0.9ms)[0m  [1m[34mSELECT "comentarios"."id" FROM "comentarios" WHERE "comentarios"."noticium_id" = $1[0m  [["noticium_id", 1]]
  Rendered noticia/show.html.erb within layouts/application (5.1ms)
Completed 200 OK in 36ms (Views: 29.9ms | ActiveRecord: 2.7ms)


Started GET "/noticia/" for 127.0.0.1 at 2017-03-19 23:45:09 -0300
Processing by NoticiaController#index as HTML
  Rendering noticia/index.html.erb within layouts/application
  [1m[36mNoticium Load (0.7ms)[0m  [1m[34mSELECT "noticia".* FROM "noticia"[0m
  [1m[35m (0.7ms)[0m  [1m[34mSELECT "comentarios"."id" FROM "comentarios" WHERE "comentarios"."noticium_id" = $1[0m  [["noticium_id", 1]]
  Rendered noticia/index.html.erb within layouts/application (7.4ms)
Completed 200 OK in 41ms (Views: 37.7ms | ActiveRecord: 1.4ms)


Started GET "/noticia/new" for 127.0.0.1 at 2017-03-19 23:45:13 -0300
Processing by NoticiaController#new as HTML
  Rendering noticia/new.html.erb within layouts/application
  Rendered noticia/_form.html.erb (9.6ms)
  Rendered noticia/new.html.erb within layouts/application (11.5ms)
Completed 200 OK in 52ms (Views: 48.9ms | ActiveRecord: 0.0ms)


Started POST "/noticia" for 127.0.0.1 at 2017-03-19 23:45:33 -0300
Processing by NoticiaController#create as HTML
  Parameters: {"utf8"=>"✓", "authenticity_token"=>"0rak70HhkVsCJoXh7pN8B7ss6bPIV+Q/zOM+hREeIbtiKuOokTB4Ptm2278TW+VaUdHQj8aGdraW2Jm5GB/UOQ==", "noticium"=>{"titulo"=>"Nico el grande", "bajada"=>"el vikingo", "cuerpo"=>"Nico es un vikingo", "n_comentarios"=>"0", "fecha(1i)"=>"2017", "fecha(2i)"=>"3", "fecha(3i)"=>"20", "fecha(4i)"=>"02", "fecha(5i)"=>"45"}, "commit"=>"Create Noticium"}
  [1m[35m (0.5ms)[0m  [1m[35mBEGIN[0m
  [1m[35mSQL (0.9ms)[0m  [1m[32mINSERT INTO "noticia" ("titulo", "bajada", "cuerpo", "n_comentarios", "fecha", "created_at", "updated_at") VALUES ($1, $2, $3, $4, $5, $6, $7) RETURNING "id"[0m  [["titulo", "Nico el grande"], ["bajada", "el vikingo"], ["cuerpo", "Nico es un vikingo"], ["n_comentarios", 0], ["fecha", 2017-03-20 02:45:00 UTC], ["created_at", 2017-03-20 02:45:33 UTC], ["updated_at", 2017-03-20 02:45:33 UTC]]
  [1m[35m (41.1ms)[0m  [1m[35mCOMMIT[0m
Redirected to http://localhost:3000/noticia/2
Completed 302 Found in 50ms (ActiveRecord: 42.6ms)


Started GET "/noticia/2" for 127.0.0.1 at 2017-03-19 23:45:33 -0300
Processing by NoticiaController#show as HTML
  Parameters: {"id"=>"2"}
  [1m[36mNoticium Load (0.9ms)[0m  [1m[34mSELECT  "noticia".* FROM "noticia" WHERE "noticia"."id" = $1 LIMIT $2[0m  [["id", 2], ["LIMIT", 1]]
  Rendering noticia/show.html.erb within layouts/application
  [1m[35m (0.7ms)[0m  [1m[34mSELECT "comentarios"."id" FROM "comentarios" WHERE "comentarios"."noticium_id" = $1[0m  [["noticium_id", 2]]
  Rendered noticia/show.html.erb within layouts/application (5.0ms)
Completed 200 OK in 56ms (Views: 49.9ms | ActiveRecord: 1.6ms)


Started GET "/noticia/" for 127.0.0.1 at 2017-03-19 23:45:45 -0300
Processing by NoticiaController#index as HTML
  Rendering noticia/index.html.erb within layouts/application
  [1m[36mNoticium Load (0.8ms)[0m  [1m[34mSELECT "noticia".* FROM "noticia"[0m
  [1m[35m (1.0ms)[0m  [1m[34mSELECT "comentarios"."id" FROM "comentarios" WHERE "comentarios"."noticium_id" = $1[0m  [["noticium_id", 1]]
  [1m[35m (0.6ms)[0m  [1m[34mSELECT "comentarios"."id" FROM "comentarios" WHERE "comentarios"."noticium_id" = $1[0m  [["noticium_id", 2]]
  Rendered noticia/index.html.erb within layouts/application (12.6ms)
Completed 200 OK in 50ms (Views: 45.0ms | ActiveRecord: 2.3ms)


Started GET "/comentarios" for 127.0.0.1 at 2017-03-19 23:46:02 -0300
Processing by ComentariosController#index as HTML
  Rendering comentarios/index.html.erb within layouts/application
  [1m[36mComentario Load (0.6ms)[0m  [1m[34mSELECT "comentarios".* FROM "comentarios"[0m
  [1m[36mNoticium Load (0.6ms)[0m  [1m[34mSELECT  "noticia".* FROM "noticia" WHERE "noticia"."id" = $1 LIMIT $2[0m  [["id", 1], ["LIMIT", 1]]
  [1m[36mCACHE (0.0ms)[0m  [1m[34mSELECT  "noticia".* FROM "noticia" WHERE "noticia"."id" = $1 LIMIT $2[0m  [["id", 1], ["LIMIT", 1]]
  Rendered comentarios/index.html.erb within layouts/application (10.8ms)
Completed 200 OK in 43ms (Views: 39.3ms | ActiveRecord: 1.3ms)


Started GET "/comentarios/new" for 127.0.0.1 at 2017-03-19 23:46:05 -0300
Processing by ComentariosController#new as HTML
  Rendering comentarios/new.html.erb within layouts/application
  Rendered comentarios/_form.html.erb (4.0ms)
  Rendered comentarios/new.html.erb within layouts/application (5.8ms)
Completed 200 OK in 42ms (Views: 39.1ms | ActiveRecord: 0.0ms)


Started POST "/comentarios" for 127.0.0.1 at 2017-03-19 23:46:20 -0300
Processing by ComentariosController#create as HTML
  Parameters: {"utf8"=>"✓", "authenticity_token"=>"ivzY+rmSOp7RfRZg/jNrf0CcawDypKhWvIggSjV4niKaid7QTqc63swjgUVXuHs36yomnlvalzdSTPiDhgj5bg==", "comentario"=>{"nombre"=>"coment 1", "contenido"=>"nbnbnbnb", "noticium_id"=>"2"}, "commit"=>"Create Comentario"}
  [1m[35m (0.3ms)[0m  [1m[35mBEGIN[0m
  [1m[36mNoticium Load (0.7ms)[0m  [1m[34mSELECT  "noticia".* FROM "noticia" WHERE "noticia"."id" = $1 LIMIT $2[0m  [["id", 2], ["LIMIT", 1]]
  [1m[35mSQL (1.2ms)[0m  [1m[32mINSERT INTO "comentarios" ("nombre", "contenido", "noticium_id", "created_at", "updated_at") VALUES ($1, $2, $3, $4, $5) RETURNING "id"[0m  [["nombre", "coment 1"], ["contenido", "nbnbnbnb"], ["noticium_id", 2], ["created_at", 2017-03-20 02:46:20 UTC], ["updated_at", 2017-03-20 02:46:20 UTC]]
  [1m[35m (120.0ms)[0m  [1m[35mCOMMIT[0m
Redirected to http://localhost:3000/comentarios/3
Completed 302 Found in 130ms (ActiveRecord: 122.1ms)


Started GET "/comentarios/3" for 127.0.0.1 at 2017-03-19 23:46:20 -0300
Processing by ComentariosController#show as HTML
  Parameters: {"id"=>"3"}
  [1m[36mComentario Load (0.6ms)[0m  [1m[34mSELECT  "comentarios".* FROM "comentarios" WHERE "comentarios"."id" = $1 LIMIT $2[0m  [["id", 3], ["LIMIT", 1]]
  Rendering comentarios/show.html.erb within layouts/application
  [1m[36mNoticium Load (0.8ms)[0m  [1m[34mSELECT  "noticia".* FROM "noticia" WHERE "noticia"."id" = $1 LIMIT $2[0m  [["id", 2], ["LIMIT", 1]]
  Rendered comentarios/show.html.erb within layouts/application (5.8ms)
Completed 200 OK in 42ms (Views: 37.4ms | ActiveRecord: 1.4ms)


Started GET "/comentarios" for 127.0.0.1 at 2017-03-19 23:46:24 -0300
Processing by ComentariosController#index as HTML
  Rendering comentarios/index.html.erb within layouts/application
  [1m[36mComentario Load (0.9ms)[0m  [1m[34mSELECT "comentarios".* FROM "comentarios"[0m
  [1m[36mNoticium Load (0.9ms)[0m  [1m[34mSELECT  "noticia".* FROM "noticia" WHERE "noticia"."id" = $1 LIMIT $2[0m  [["id", 1], ["LIMIT", 1]]
  [1m[36mCACHE (0.0ms)[0m  [1m[34mSELECT  "noticia".* FROM "noticia" WHERE "noticia"."id" = $1 LIMIT $2[0m  [["id", 1], ["LIMIT", 1]]
  [1m[36mNoticium Load (0.9ms)[0m  [1m[34mSELECT  "noticia".* FROM "noticia" WHERE "noticia"."id" = $1 LIMIT $2[0m  [["id", 2], ["LIMIT", 1]]
  Rendered comentarios/index.html.erb within layouts/application (12.7ms)
Completed 200 OK in 54ms (Views: 48.7ms | ActiveRecord: 2.8ms)


Started GET "/noticia" for 127.0.0.1 at 2017-03-19 23:46:31 -0300
Processing by NoticiaController#index as HTML
  Rendering noticia/index.html.erb within layouts/application
  [1m[36mNoticium Load (0.8ms)[0m  [1m[34mSELECT "noticia".* FROM "noticia"[0m
  [1m[35m (0.8ms)[0m  [1m[34mSELECT "comentarios"."id" FROM "comentarios" WHERE "comentarios"."noticium_id" = $1[0m  [["noticium_id", 1]]
  [1m[35m (0.9ms)[0m  [1m[34mSELECT "comentarios"."id" FROM "comentarios" WHERE "comentarios"."noticium_id" = $1[0m  [["noticium_id", 2]]
  Rendered noticia/index.html.erb within layouts/application (12.0ms)
Completed 200 OK in 46ms (Views: 41.5ms | ActiveRecord: 2.6ms)


Started GET "/noticia/1" for 127.0.0.1 at 2017-03-19 23:48:05 -0300
Processing by NoticiaController#show as HTML
  Parameters: {"id"=>"1"}
  [1m[36mNoticium Load (0.7ms)[0m  [1m[34mSELECT  "noticia".* FROM "noticia" WHERE "noticia"."id" = $1 LIMIT $2[0m  [["id", 1], ["LIMIT", 1]]
  Rendering noticia/show.html.erb within layouts/application
  [1m[35m (0.9ms)[0m  [1m[34mSELECT "comentarios"."id" FROM "comentarios" WHERE "comentarios"."noticium_id" = $1[0m  [["noticium_id", 1]]
  Rendered noticia/show.html.erb within layouts/application (5.3ms)
Completed 200 OK in 49ms (Views: 43.9ms | ActiveRecord: 1.6ms)


Started GET "/noticia" for 127.0.0.1 at 2017-03-19 23:50:00 -0300
Processing by NoticiaController#index as HTML
  Rendering noticia/index.html.erb within layouts/application
  [1m[36mNoticium Load (0.9ms)[0m  [1m[34mSELECT "noticia".* FROM "noticia"[0m
  [1m[35m (0.9ms)[0m  [1m[34mSELECT "comentarios"."id" FROM "comentarios" WHERE "comentarios"."noticium_id" = $1[0m  [["noticium_id", 1]]
  [1m[35m (0.8ms)[0m  [1m[34mSELECT "comentarios"."id" FROM "comentarios" WHERE "comentarios"."noticium_id" = $1[0m  [["noticium_id", 2]]
  Rendered noticia/index.html.erb within layouts/application (13.0ms)
Completed 200 OK in 55ms (Views: 50.6ms | ActiveRecord: 2.7ms)


Started GET "/noticia/1" for 127.0.0.1 at 2017-03-19 23:50:16 -0300
Processing by NoticiaController#show as HTML
  Parameters: {"id"=>"1"}
  [1m[36mNoticium Load (0.6ms)[0m  [1m[34mSELECT  "noticia".* FROM "noticia" WHERE "noticia"."id" = $1 LIMIT $2[0m  [["id", 1], ["LIMIT", 1]]
  Rendering noticia/show.html.erb within layouts/application
  [1m[35m (1.1ms)[0m  [1m[34mSELECT "comentarios"."id" FROM "comentarios" WHERE "comentarios"."noticium_id" = $1[0m  [["noticium_id", 1]]
  Rendered noticia/show.html.erb within layouts/application (5.6ms)
Completed 200 OK in 44ms (Views: 38.8ms | ActiveRecord: 1.7ms)


Started GET "/noticia/1" for 127.0.0.1 at 2017-03-20 00:04:03 -0300
Processing by NoticiaController#show as HTML
  Parameters: {"id"=>"1"}
  [1m[36mNoticium Load (0.4ms)[0m  [1m[34mSELECT  "noticia".* FROM "noticia" WHERE "noticia"."id" = $1 LIMIT $2[0m  [["id", 1], ["LIMIT", 1]]
  Rendering noticia/show.html.erb within layouts/application
  [1m[35m (1.0ms)[0m  [1m[34mSELECT "comentarios"."id" FROM "comentarios" WHERE "comentarios"."noticium_id" = $1[0m  [["noticium_id", 1]]
  Rendered noticia/show.html.erb within layouts/application (6.3ms)
Completed 200 OK in 39ms (Views: 34.1ms | ActiveRecord: 1.4ms)


Started GET "/noticia/1" for 127.0.0.1 at 2017-03-20 00:05:21 -0300
Processing by NoticiaController#show as HTML
  Parameters: {"id"=>"1"}
  [1m[36mNoticium Load (0.5ms)[0m  [1m[34mSELECT  "noticia".* FROM "noticia" WHERE "noticia"."id" = $1 LIMIT $2[0m  [["id", 1], ["LIMIT", 1]]
  Rendering noticia/show.html.erb within layouts/application
  [1m[36mComentario Load (0.4ms)[0m  [1m[34mSELECT "comentarios".* FROM "comentarios" WHERE "comentarios"."noticium_id" = $1[0m  [["noticium_id", 1]]
  Rendered noticia/show.html.erb within layouts/application (16.8ms)
Completed 500 Internal Server Error in 23ms (ActiveRecord: 0.8ms)


  
ActionView::Template::Error (undefined method `contenido' for #<Comentario::ActiveRecord_Associations_CollectionProxy:0x007efc71954308>
Did you mean?  connection):
    17: 
    18: <p>
    19:   <strong>Comentarios:</strong>
    20:   <%= @noticium.comentarios.contenido %>
    21: </p>
    22: 
    23: <p>
  
app/views/noticia/show.html.erb:20:in `_app_views_noticia_show_html_erb___2454238372131887252_69811351256580'
  Rendering /home/nfsantibanez/.rbenv/versions/2.3.3/lib/ruby/gems/2.3.0/gems/actionpack-5.0.2/lib/action_dispatch/middleware/templates/rescues/template_error.html.erb within rescues/layout
  Rendering /home/nfsantibanez/.rbenv/versions/2.3.3/lib/ruby/gems/2.3.0/gems/actionpack-5.0.2/lib/action_dispatch/middleware/templates/rescues/_source.html.erb
  Rendered /home/nfsantibanez/.rbenv/versions/2.3.3/lib/ruby/gems/2.3.0/gems/actionpack-5.0.2/lib/action_dispatch/middleware/templates/rescues/_source.html.erb (6.2ms)
  Rendering /home/nfsantibanez/.rbenv/versions/2.3.3/lib/ruby/gems/2.3.0/gems/actionpack-5.0.2/lib/action_dispatch/middleware/templates/rescues/_trace.html.erb
  Rendered /home/nfsantibanez/.rbenv/versions/2.3.3/lib/ruby/gems/2.3.0/gems/actionpack-5.0.2/lib/action_dispatch/middleware/templates/rescues/_trace.html.erb (2.8ms)
  Rendering /home/nfsantibanez/.rbenv/versions/2.3.3/lib/ruby/gems/2.3.0/gems/actionpack-5.0.2/lib/action_dispatch/middleware/templates/rescues/_request_and_response.html.erb
  Rendered /home/nfsantibanez/.rbenv/versions/2.3.3/lib/ruby/gems/2.3.0/gems/actionpack-5.0.2/lib/action_dispatch/middleware/templates/rescues/_request_and_response.html.erb (1.4ms)
  Rendered /home/nfsantibanez/.rbenv/versions/2.3.3/lib/ruby/gems/2.3.0/gems/actionpack-5.0.2/lib/action_dispatch/middleware/templates/rescues/template_error.html.erb within rescues/layout (33.9ms)
Started GET "/noticia/1" for 127.0.0.1 at 2017-03-20 00:11:30 -0300
Processing by NoticiaController#show as HTML
  Parameters: {"id"=>"1"}
  [1m[36mNoticium Load (0.6ms)[0m  [1m[34mSELECT  "noticia".* FROM "noticia" WHERE "noticia"."id" = $1 LIMIT $2[0m  [["id", 1], ["LIMIT", 1]]
  Rendering noticia/show.html.erb within layouts/application
  [1m[36mComentario Load (1.0ms)[0m  [1m[34mSELECT "comentarios".* FROM "comentarios" WHERE "comentarios"."noticium_id" = $1[0m  [["noticium_id", 1]]
  Rendered noticia/show.html.erb within layouts/application (6.2ms)
Completed 200 OK in 40ms (Views: 35.5ms | ActiveRecord: 1.6ms)


Started GET "/noticia/1" for 127.0.0.1 at 2017-03-20 00:17:57 -0300
Processing by NoticiaController#show as HTML
  Parameters: {"id"=>"1"}
  [1m[36mNoticium Load (0.7ms)[0m  [1m[34mSELECT  "noticia".* FROM "noticia" WHERE "noticia"."id" = $1 LIMIT $2[0m  [["id", 1], ["LIMIT", 1]]
  Rendering noticia/show.html.erb within layouts/application
  [1m[36mComentario Load (0.9ms)[0m  [1m[34mSELECT "comentarios".* FROM "comentarios" WHERE "comentarios"."noticium_id" = $1[0m  [["noticium_id", 1]]
  Rendered noticia/show.html.erb within layouts/application (5.5ms)
Completed 200 OK in 37ms (Views: 32.2ms | ActiveRecord: 1.6ms)


Started GET "/noticia/1" for 127.0.0.1 at 2017-03-20 00:19:38 -0300
Processing by NoticiaController#show as HTML
  Parameters: {"id"=>"1"}
  [1m[36mNoticium Load (0.5ms)[0m  [1m[34mSELECT  "noticia".* FROM "noticia" WHERE "noticia"."id" = $1 LIMIT $2[0m  [["id", 1], ["LIMIT", 1]]
  Rendering noticia/show.html.erb within layouts/application
  [1m[36mComentario Load (0.9ms)[0m  [1m[34mSELECT "comentarios".* FROM "comentarios" WHERE "comentarios"."noticium_id" = $1[0m  [["noticium_id", 1]]
  Rendered noticia/show.html.erb within layouts/application (5.8ms)
Completed 200 OK in 36ms (Views: 31.0ms | ActiveRecord: 1.4ms)


Started GET "/noticia/1" for 127.0.0.1 at 2017-03-20 00:20:41 -0300
Processing by NoticiaController#show as HTML
  Parameters: {"id"=>"1"}
  [1m[36mNoticium Load (0.8ms)[0m  [1m[34mSELECT  "noticia".* FROM "noticia" WHERE "noticia"."id" = $1 LIMIT $2[0m  [["id", 1], ["LIMIT", 1]]
  Rendering noticia/show.html.erb within layouts/application
  [1m[36mComentario Load (0.9ms)[0m  [1m[34mSELECT "comentarios".* FROM "comentarios" WHERE "comentarios"."noticium_id" = $1[0m  [["noticium_id", 1]]
  Rendered noticia/show.html.erb within layouts/application (5.6ms)
Completed 200 OK in 32ms (Views: 27.6ms | ActiveRecord: 1.7ms)


Started GET "/comentarios" for 127.0.0.1 at 2017-03-20 00:20:52 -0300
Processing by ComentariosController#index as HTML
  Rendering comentarios/index.html.erb within layouts/application
  [1m[36mComentario Load (1.7ms)[0m  [1m[34mSELECT "comentarios".* FROM "comentarios"[0m
  [1m[36mNoticium Load (0.6ms)[0m  [1m[34mSELECT  "noticia".* FROM "noticia" WHERE "noticia"."id" = $1 LIMIT $2[0m  [["id", 1], ["LIMIT", 1]]
  [1m[36mCACHE (0.0ms)[0m  [1m[34mSELECT  "noticia".* FROM "noticia" WHERE "noticia"."id" = $1 LIMIT $2[0m  [["id", 1], ["LIMIT", 1]]
  [1m[36mNoticium Load (0.6ms)[0m  [1m[34mSELECT  "noticia".* FROM "noticia" WHERE "noticia"."id" = $1 LIMIT $2[0m  [["id", 2], ["LIMIT", 1]]
  Rendered comentarios/index.html.erb within layouts/application (12.6ms)
Completed 200 OK in 55ms (Views: 50.4ms | ActiveRecord: 3.0ms)


Started GET "/noticia/1" for 127.0.0.1 at 2017-03-20 00:22:08 -0300
Processing by NoticiaController#show as HTML
  Parameters: {"id"=>"1"}
  [1m[36mNoticium Load (0.7ms)[0m  [1m[34mSELECT  "noticia".* FROM "noticia" WHERE "noticia"."id" = $1 LIMIT $2[0m  [["id", 1], ["LIMIT", 1]]
  Rendering noticia/show.html.erb within layouts/application
  [1m[36mComentario Load (0.9ms)[0m  [1m[34mSELECT "comentarios".* FROM "comentarios" WHERE "comentarios"."noticium_id" = $1[0m  [["noticium_id", 1]]
  Rendered noticia/show.html.erb within layouts/application (6.9ms)
Completed 200 OK in 39ms (Views: 34.6ms | ActiveRecord: 1.7ms)


Started GET "/noticia/1" for 127.0.0.1 at 2017-03-20 00:22:23 -0300
Processing by NoticiaController#show as HTML
  Parameters: {"id"=>"1"}
  [1m[36mNoticium Load (0.5ms)[0m  [1m[34mSELECT  "noticia".* FROM "noticia" WHERE "noticia"."id" = $1 LIMIT $2[0m  [["id", 1], ["LIMIT", 1]]
  Rendering noticia/show.html.erb within layouts/application
  [1m[36mComentario Load (1.0ms)[0m  [1m[34mSELECT "comentarios".* FROM "comentarios" WHERE "comentarios"."noticium_id" = $1[0m  [["noticium_id", 1]]
  Rendered noticia/show.html.erb within layouts/application (5.0ms)
Completed 200 OK in 34ms (Views: 29.1ms | ActiveRecord: 1.5ms)


Started GET "/noticia/1" for 127.0.0.1 at 2017-03-20 00:22:56 -0300
Processing by NoticiaController#show as HTML
  Parameters: {"id"=>"1"}
  [1m[36mNoticium Load (0.5ms)[0m  [1m[34mSELECT  "noticia".* FROM "noticia" WHERE "noticia"."id" = $1 LIMIT $2[0m  [["id", 1], ["LIMIT", 1]]
  Rendering noticia/show.html.erb within layouts/application
  [1m[36mComentario Load (1.2ms)[0m  [1m[34mSELECT "comentarios".* FROM "comentarios" WHERE "comentarios"."noticium_id" = $1[0m  [["noticium_id", 1]]
  Rendered noticia/show.html.erb within layouts/application (5.6ms)
Completed 200 OK in 38ms (Views: 33.6ms | ActiveRecord: 1.7ms)


Started GET "/noticia/1" for 127.0.0.1 at 2017-03-20 00:24:29 -0300
Processing by NoticiaController#show as HTML
  Parameters: {"id"=>"1"}
  [1m[36mNoticium Load (0.6ms)[0m  [1m[34mSELECT  "noticia".* FROM "noticia" WHERE "noticia"."id" = $1 LIMIT $2[0m  [["id", 1], ["LIMIT", 1]]
  Rendering noticia/show.html.erb within layouts/application
  [1m[36mComentario Load (1.0ms)[0m  [1m[34mSELECT "comentarios".* FROM "comentarios" WHERE "comentarios"."noticium_id" = $1[0m  [["noticium_id", 1]]
  Rendered noticia/show.html.erb within layouts/application (5.9ms)
Completed 200 OK in 35ms (Views: 30.3ms | ActiveRecord: 1.6ms)


Started GET "/noticia/1" for 127.0.0.1 at 2017-03-20 00:28:37 -0300
Processing by NoticiaController#show as HTML
  Parameters: {"id"=>"1"}
  [1m[36mNoticium Load (0.6ms)[0m  [1m[34mSELECT  "noticia".* FROM "noticia" WHERE "noticia"."id" = $1 LIMIT $2[0m  [["id", 1], ["LIMIT", 1]]
  Rendering noticia/show.html.erb within layouts/application
  [1m[36mComentario Load (1.2ms)[0m  [1m[34mSELECT "comentarios".* FROM "comentarios" WHERE "comentarios"."noticium_id" = $1[0m  [["noticium_id", 1]]
  Rendered noticia/show.html.erb within layouts/application (6.3ms)
Completed 200 OK in 52ms (Views: 46.6ms | ActiveRecord: 1.8ms)


Started GET "/noticia/1" for 127.0.0.1 at 2017-03-20 00:30:37 -0300
Processing by NoticiaController#show as HTML
  Parameters: {"id"=>"1"}
  [1m[36mNoticium Load (0.6ms)[0m  [1m[34mSELECT  "noticia".* FROM "noticia" WHERE "noticia"."id" = $1 LIMIT $2[0m  [["id", 1], ["LIMIT", 1]]
  Rendering noticia/show.html.erb within layouts/application
  [1m[36mComentario Load (0.9ms)[0m  [1m[34mSELECT "comentarios".* FROM "comentarios" WHERE "comentarios"."noticium_id" = $1[0m  [["noticium_id", 1]]
  Rendered noticia/show.html.erb within layouts/application (5.2ms)
Completed 200 OK in 39ms (Views: 34.3ms | ActiveRecord: 1.4ms)


Started GET "/noticia/1" for 127.0.0.1 at 2017-03-20 00:32:12 -0300
Processing by NoticiaController#show as HTML
  Parameters: {"id"=>"1"}
  [1m[36mNoticium Load (0.6ms)[0m  [1m[34mSELECT  "noticia".* FROM "noticia" WHERE "noticia"."id" = $1 LIMIT $2[0m  [["id", 1], ["LIMIT", 1]]
  Rendering noticia/show.html.erb within layouts/application
  [1m[36mComentario Load (0.8ms)[0m  [1m[34mSELECT "comentarios".* FROM "comentarios" WHERE "comentarios"."noticium_id" = $1[0m  [["noticium_id", 1]]
  Rendered noticia/show.html.erb within layouts/application (6.1ms)
Completed 200 OK in 39ms (Views: 34.8ms | ActiveRecord: 1.4ms)


Started GET "/comentarios/new" for 127.0.0.1 at 2017-03-20 00:32:15 -0300
Processing by ComentariosController#new as HTML
  Rendering comentarios/new.html.erb within layouts/application
  Rendered comentarios/_form.html.erb (3.6ms)
  Rendered comentarios/new.html.erb within layouts/application (5.3ms)
Completed 200 OK in 37ms (Views: 34.7ms | ActiveRecord: 0.0ms)


Started GET "/noticia/1" for 127.0.0.1 at 2017-03-20 00:33:32 -0300
Processing by NoticiaController#show as HTML
  Parameters: {"id"=>"1"}
  [1m[36mNoticium Load (0.7ms)[0m  [1m[34mSELECT  "noticia".* FROM "noticia" WHERE "noticia"."id" = $1 LIMIT $2[0m  [["id", 1], ["LIMIT", 1]]
  Rendering noticia/show.html.erb within layouts/application
  [1m[36mComentario Load (0.8ms)[0m  [1m[34mSELECT "comentarios".* FROM "comentarios" WHERE "comentarios"."noticium_id" = $1[0m  [["noticium_id", 1]]
  Rendered noticia/show.html.erb within layouts/application (6.1ms)
Completed 200 OK in 39ms (Views: 34.1ms | ActiveRecord: 1.6ms)


Started GET "/noticia/1" for 127.0.0.1 at 2017-03-20 00:34:17 -0300
Processing by NoticiaController#show as HTML
  Parameters: {"id"=>"1"}
  [1m[36mNoticium Load (0.7ms)[0m  [1m[34mSELECT  "noticia".* FROM "noticia" WHERE "noticia"."id" = $1 LIMIT $2[0m  [["id", 1], ["LIMIT", 1]]
  Rendering noticia/show.html.erb within layouts/application
  [1m[36mComentario Load (1.0ms)[0m  [1m[34mSELECT "comentarios".* FROM "comentarios" WHERE "comentarios"."noticium_id" = $1[0m  [["noticium_id", 1]]
  Rendered noticia/show.html.erb within layouts/application (6.4ms)
Completed 200 OK in 50ms (Views: 45.3ms | ActiveRecord: 1.7ms)


Started GET "/noticia/1" for 127.0.0.1 at 2017-03-20 00:34:20 -0300
Processing by NoticiaController#show as HTML
  Parameters: {"id"=>"1"}
  [1m[36mNoticium Load (0.6ms)[0m  [1m[34mSELECT  "noticia".* FROM "noticia" WHERE "noticia"."id" = $1 LIMIT $2[0m  [["id", 1], ["LIMIT", 1]]
  Rendering noticia/show.html.erb within layouts/application
  [1m[36mComentario Load (0.9ms)[0m  [1m[34mSELECT "comentarios".* FROM "comentarios" WHERE "comentarios"."noticium_id" = $1[0m  [["noticium_id", 1]]
  Rendered noticia/show.html.erb within layouts/application (6.1ms)
Completed 200 OK in 43ms (Views: 38.5ms | ActiveRecord: 1.5ms)


Started GET "/noticia/1" for 127.0.0.1 at 2017-03-20 00:34:40 -0300
Processing by NoticiaController#show as HTML
  Parameters: {"id"=>"1"}
  [1m[36mNoticium Load (1.9ms)[0m  [1m[34mSELECT  "noticia".* FROM "noticia" WHERE "noticia"."id" = $1 LIMIT $2[0m  [["id", 1], ["LIMIT", 1]]
  Rendering noticia/show.html.erb within layouts/application
  [1m[36mComentario Load (1.5ms)[0m  [1m[34mSELECT "comentarios".* FROM "comentarios" WHERE "comentarios"."noticium_id" = $1[0m  [["noticium_id", 1]]
  Rendered noticia/show.html.erb within layouts/application (5.7ms)
Completed 200 OK in 35ms (Views: 28.9ms | ActiveRecord: 3.4ms)


Started GET "/noticia/1" for 127.0.0.1 at 2017-03-20 00:35:18 -0300
Processing by NoticiaController#show as HTML
  Parameters: {"id"=>"1"}
  [1m[36mNoticium Load (0.6ms)[0m  [1m[34mSELECT  "noticia".* FROM "noticia" WHERE "noticia"."id" = $1 LIMIT $2[0m  [["id", 1], ["LIMIT", 1]]
  Rendering noticia/show.html.erb within layouts/application
  [1m[36mComentario Load (0.9ms)[0m  [1m[34mSELECT "comentarios".* FROM "comentarios" WHERE "comentarios"."noticium_id" = $1[0m  [["noticium_id", 1]]
  Rendered noticia/show.html.erb within layouts/application (5.5ms)
Completed 200 OK in 35ms (Views: 29.9ms | ActiveRecord: 1.5ms)


Started GET "/noticia/1" for 127.0.0.1 at 2017-03-20 00:35:34 -0300
Processing by NoticiaController#show as HTML
  Parameters: {"id"=>"1"}
  [1m[36mNoticium Load (0.7ms)[0m  [1m[34mSELECT  "noticia".* FROM "noticia" WHERE "noticia"."id" = $1 LIMIT $2[0m  [["id", 1], ["LIMIT", 1]]
  Rendering noticia/show.html.erb within layouts/application
  [1m[36mComentario Load (0.8ms)[0m  [1m[34mSELECT "comentarios".* FROM "comentarios" WHERE "comentarios"."noticium_id" = $1[0m  [["noticium_id", 1]]
  Rendered noticia/show.html.erb within layouts/application (4.1ms)
Completed 200 OK in 35ms (Views: 30.1ms | ActiveRecord: 1.4ms)


Started GET "/noticia/1" for 127.0.0.1 at 2017-03-20 00:36:04 -0300
Processing by NoticiaController#show as HTML
  Parameters: {"id"=>"1"}
  [1m[36mNoticium Load (0.7ms)[0m  [1m[34mSELECT  "noticia".* FROM "noticia" WHERE "noticia"."id" = $1 LIMIT $2[0m  [["id", 1], ["LIMIT", 1]]
  Rendering noticia/show.html.erb within layouts/application
  [1m[36mComentario Load (1.0ms)[0m  [1m[34mSELECT "comentarios".* FROM "comentarios" WHERE "comentarios"."noticium_id" = $1[0m  [["noticium_id", 1]]
  Rendered noticia/show.html.erb within layouts/application (6.0ms)
Completed 200 OK in 43ms (Views: 37.4ms | ActiveRecord: 1.7ms)


Started GET "/noticia/1" for 127.0.0.1 at 2017-03-20 00:36:51 -0300
Processing by NoticiaController#show as HTML
  Parameters: {"id"=>"1"}
  [1m[36mNoticium Load (0.6ms)[0m  [1m[34mSELECT  "noticia".* FROM "noticia" WHERE "noticia"."id" = $1 LIMIT $2[0m  [["id", 1], ["LIMIT", 1]]
  Rendering noticia/show.html.erb within layouts/application
  [1m[36mComentario Load (1.0ms)[0m  [1m[34mSELECT "comentarios".* FROM "comentarios" WHERE "comentarios"."noticium_id" = $1[0m  [["noticium_id", 1]]
  Rendered noticia/show.html.erb within layouts/application (4.1ms)
Completed 200 OK in 36ms (Views: 29.3ms | ActiveRecord: 1.9ms)


Started GET "/noticia/1" for 127.0.0.1 at 2017-03-20 00:37:41 -0300
Processing by NoticiaController#show as HTML
  Parameters: {"id"=>"1"}
  [1m[36mNoticium Load (0.5ms)[0m  [1m[34mSELECT  "noticia".* FROM "noticia" WHERE "noticia"."id" = $1 LIMIT $2[0m  [["id", 1], ["LIMIT", 1]]
  Rendering noticia/show.html.erb within layouts/application
  [1m[36mComentario Load (0.8ms)[0m  [1m[34mSELECT "comentarios".* FROM "comentarios" WHERE "comentarios"."noticium_id" = $1[0m  [["noticium_id", 1]]
  Rendered noticia/show.html.erb within layouts/application (5.0ms)
Completed 200 OK in 36ms (Views: 31.5ms | ActiveRecord: 1.3ms)


Started GET "/noticia/1" for 127.0.0.1 at 2017-03-20 00:38:19 -0300
Processing by NoticiaController#show as HTML
  Parameters: {"id"=>"1"}
  [1m[36mNoticium Load (0.4ms)[0m  [1m[34mSELECT  "noticia".* FROM "noticia" WHERE "noticia"."id" = $1 LIMIT $2[0m  [["id", 1], ["LIMIT", 1]]
  Rendering noticia/show.html.erb within layouts/application
  [1m[36mComentario Load (0.8ms)[0m  [1m[34mSELECT "comentarios".* FROM "comentarios" WHERE "comentarios"."noticium_id" = $1[0m  [["noticium_id", 1]]
  Rendered noticia/show.html.erb within layouts/application (4.5ms)
Completed 200 OK in 35ms (Views: 32.0ms | ActiveRecord: 1.1ms)


Started GET "/noticia/1" for 127.0.0.1 at 2017-03-20 00:38:45 -0300
Processing by NoticiaController#show as HTML
  Parameters: {"id"=>"1"}
  [1m[36mNoticium Load (0.6ms)[0m  [1m[34mSELECT  "noticia".* FROM "noticia" WHERE "noticia"."id" = $1 LIMIT $2[0m  [["id", 1], ["LIMIT", 1]]
  Rendering noticia/show.html.erb within layouts/application
  [1m[36mComentario Load (0.9ms)[0m  [1m[34mSELECT "comentarios".* FROM "comentarios" WHERE "comentarios"."noticium_id" = $1[0m  [["noticium_id", 1]]
  Rendered noticia/show.html.erb within layouts/application (6.0ms)
Completed 200 OK in 55ms (Views: 50.4ms | ActiveRecord: 1.6ms)


Started GET "/noticia/1" for 127.0.0.1 at 2017-03-20 00:38:47 -0300
Processing by NoticiaController#show as HTML
  Parameters: {"id"=>"1"}
  [1m[36mNoticium Load (0.7ms)[0m  [1m[34mSELECT  "noticia".* FROM "noticia" WHERE "noticia"."id" = $1 LIMIT $2[0m  [["id", 1], ["LIMIT", 1]]
  Rendering noticia/show.html.erb within layouts/application
  [1m[36mComentario Load (0.9ms)[0m  [1m[34mSELECT "comentarios".* FROM "comentarios" WHERE "comentarios"."noticium_id" = $1[0m  [["noticium_id", 1]]
  Rendered noticia/show.html.erb within layouts/application (5.5ms)
Completed 200 OK in 38ms (Views: 33.4ms | ActiveRecord: 1.6ms)


Started GET "/noticia/1" for 127.0.0.1 at 2017-03-20 00:39:12 -0300
Processing by NoticiaController#show as HTML
  Parameters: {"id"=>"1"}
  [1m[36mNoticium Load (0.5ms)[0m  [1m[34mSELECT  "noticia".* FROM "noticia" WHERE "noticia"."id" = $1 LIMIT $2[0m  [["id", 1], ["LIMIT", 1]]
  Rendering noticia/show.html.erb within layouts/application
  [1m[36mComentario Load (0.8ms)[0m  [1m[34mSELECT "comentarios".* FROM "comentarios" WHERE "comentarios"."noticium_id" = $1[0m  [["noticium_id", 1]]
  Rendered noticia/show.html.erb within layouts/application (4.8ms)
Completed 200 OK in 36ms (Views: 30.5ms | ActiveRecord: 1.3ms)


Started GET "/noticia/1" for 127.0.0.1 at 2017-03-20 00:39:37 -0300
Processing by NoticiaController#show as HTML
  Parameters: {"id"=>"1"}
  [1m[36mNoticium Load (0.5ms)[0m  [1m[34mSELECT  "noticia".* FROM "noticia" WHERE "noticia"."id" = $1 LIMIT $2[0m  [["id", 1], ["LIMIT", 1]]
  Rendering noticia/show.html.erb within layouts/application
  [1m[36mComentario Load (0.9ms)[0m  [1m[34mSELECT "comentarios".* FROM "comentarios" WHERE "comentarios"."noticium_id" = $1[0m  [["noticium_id", 1]]
  Rendered noticia/show.html.erb within layouts/application (5.6ms)
Completed 200 OK in 38ms (Views: 34.0ms | ActiveRecord: 1.4ms)


Started GET "/noticia/1" for 127.0.0.1 at 2017-03-20 00:39:39 -0300
Processing by NoticiaController#show as HTML
  Parameters: {"id"=>"1"}
  [1m[36mNoticium Load (0.4ms)[0m  [1m[34mSELECT  "noticia".* FROM "noticia" WHERE "noticia"."id" = $1 LIMIT $2[0m  [["id", 1], ["LIMIT", 1]]
  Rendering noticia/show.html.erb within layouts/application
  [1m[36mComentario Load (0.9ms)[0m  [1m[34mSELECT "comentarios".* FROM "comentarios" WHERE "comentarios"."noticium_id" = $1[0m  [["noticium_id", 1]]
  Rendered noticia/show.html.erb within layouts/application (5.8ms)
Completed 200 OK in 46ms (Views: 41.5ms | ActiveRecord: 1.4ms)


Started GET "/noticia/1" for 127.0.0.1 at 2017-03-20 00:40:27 -0300
Processing by NoticiaController#show as HTML
  Parameters: {"id"=>"1"}
  [1m[36mNoticium Load (0.8ms)[0m  [1m[34mSELECT  "noticia".* FROM "noticia" WHERE "noticia"."id" = $1 LIMIT $2[0m  [["id", 1], ["LIMIT", 1]]
  Rendering noticia/show.html.erb within layouts/application
  [1m[36mComentario Load (0.9ms)[0m  [1m[34mSELECT "comentarios".* FROM "comentarios" WHERE "comentarios"."noticium_id" = $1[0m  [["noticium_id", 1]]
  Rendered noticia/show.html.erb within layouts/application (4.3ms)
Completed 200 OK in 34ms (Views: 30.3ms | ActiveRecord: 1.7ms)


Started GET "/noticia/1" for 127.0.0.1 at 2017-03-20 00:40:42 -0300
Processing by NoticiaController#show as HTML
  Parameters: {"id"=>"1"}
  [1m[36mNoticium Load (0.7ms)[0m  [1m[34mSELECT  "noticia".* FROM "noticia" WHERE "noticia"."id" = $1 LIMIT $2[0m  [["id", 1], ["LIMIT", 1]]
  Rendering noticia/show.html.erb within layouts/application
  [1m[36mComentario Load (0.8ms)[0m  [1m[34mSELECT "comentarios".* FROM "comentarios" WHERE "comentarios"."noticium_id" = $1[0m  [["noticium_id", 1]]
  Rendered noticia/show.html.erb within layouts/application (4.5ms)
Completed 200 OK in 37ms (Views: 31.5ms | ActiveRecord: 1.5ms)


Started GET "/noticia/1" for 127.0.0.1 at 2017-03-20 00:41:44 -0300
Processing by NoticiaController#show as HTML
  Parameters: {"id"=>"1"}
  [1m[36mNoticium Load (0.6ms)[0m  [1m[34mSELECT  "noticia".* FROM "noticia" WHERE "noticia"."id" = $1 LIMIT $2[0m  [["id", 1], ["LIMIT", 1]]
  Rendering noticia/show.html.erb within layouts/application
  [1m[36mComentario Load (0.9ms)[0m  [1m[34mSELECT "comentarios".* FROM "comentarios" WHERE "comentarios"."noticium_id" = $1[0m  [["noticium_id", 1]]
  Rendered noticia/show.html.erb within layouts/application (5.1ms)
Completed 200 OK in 34ms (Views: 30.0ms | ActiveRecord: 1.5ms)


Started GET "/noticia/1" for 127.0.0.1 at 2017-03-20 00:41:56 -0300
Processing by NoticiaController#show as HTML
  Parameters: {"id"=>"1"}
  [1m[36mNoticium Load (0.7ms)[0m  [1m[34mSELECT  "noticia".* FROM "noticia" WHERE "noticia"."id" = $1 LIMIT $2[0m  [["id", 1], ["LIMIT", 1]]
  Rendering noticia/show.html.erb within layouts/application
  [1m[36mComentario Load (0.8ms)[0m  [1m[34mSELECT "comentarios".* FROM "comentarios" WHERE "comentarios"."noticium_id" = $1[0m  [["noticium_id", 1]]
  Rendered noticia/show.html.erb within layouts/application (5.1ms)
Completed 200 OK in 35ms (Views: 30.3ms | ActiveRecord: 1.6ms)


Started GET "/noticia/1" for 127.0.0.1 at 2017-03-20 00:42:20 -0300
Processing by NoticiaController#show as HTML
  Parameters: {"id"=>"1"}
  [1m[36mNoticium Load (0.8ms)[0m  [1m[34mSELECT  "noticia".* FROM "noticia" WHERE "noticia"."id" = $1 LIMIT $2[0m  [["id", 1], ["LIMIT", 1]]
  Rendering noticia/show.html.erb within layouts/application
  [1m[36mComentario Load (1.0ms)[0m  [1m[34mSELECT "comentarios".* FROM "comentarios" WHERE "comentarios"."noticium_id" = $1[0m  [["noticium_id", 1]]
  Rendered noticia/show.html.erb within layouts/application (6.1ms)
Completed 200 OK in 54ms (Views: 49.4ms | ActiveRecord: 1.8ms)


Started GET "/noticia/1" for 127.0.0.1 at 2017-03-20 00:42:36 -0300
Processing by NoticiaController#show as HTML
  Parameters: {"id"=>"1"}
  [1m[36mNoticium Load (0.6ms)[0m  [1m[34mSELECT  "noticia".* FROM "noticia" WHERE "noticia"."id" = $1 LIMIT $2[0m  [["id", 1], ["LIMIT", 1]]
  Rendering noticia/show.html.erb within layouts/application
  [1m[36mComentario Load (0.7ms)[0m  [1m[34mSELECT "comentarios".* FROM "comentarios" WHERE "comentarios"."noticium_id" = $1[0m  [["noticium_id", 1]]
  Rendered noticia/show.html.erb within layouts/application (5.0ms)
Completed 200 OK in 35ms (Views: 30.8ms | ActiveRecord: 1.3ms)


Started GET "/noticia/1" for 127.0.0.1 at 2017-03-20 00:43:39 -0300
Processing by NoticiaController#show as HTML
  Parameters: {"id"=>"1"}
  [1m[36mNoticium Load (0.6ms)[0m  [1m[34mSELECT  "noticia".* FROM "noticia" WHERE "noticia"."id" = $1 LIMIT $2[0m  [["id", 1], ["LIMIT", 1]]
  Rendering noticia/show.html.erb within layouts/application
  [1m[36mComentario Load (1.1ms)[0m  [1m[34mSELECT "comentarios".* FROM "comentarios" WHERE "comentarios"."noticium_id" = $1[0m  [["noticium_id", 1]]
  Rendered noticia/show.html.erb within layouts/application (5.4ms)
Completed 200 OK in 40ms (Views: 35.1ms | ActiveRecord: 1.7ms)


Started GET "/noticia/1" for 127.0.0.1 at 2017-03-20 00:44:29 -0300
Processing by NoticiaController#show as HTML
  Parameters: {"id"=>"1"}
  [1m[36mNoticium Load (0.5ms)[0m  [1m[34mSELECT  "noticia".* FROM "noticia" WHERE "noticia"."id" = $1 LIMIT $2[0m  [["id", 1], ["LIMIT", 1]]
  Rendering noticia/show.html.erb within layouts/application
  [1m[36mComentario Load (2.0ms)[0m  [1m[34mSELECT "comentarios".* FROM "comentarios" WHERE "comentarios"."noticium_id" = $1[0m  [["noticium_id", 1]]
  Rendered noticia/show.html.erb within layouts/application (7.4ms)
Completed 200 OK in 45ms (Views: 40.0ms | ActiveRecord: 2.5ms)


Started GET "/comentarios/new" for 127.0.0.1 at 2017-03-20 00:45:05 -0300
Processing by ComentariosController#new as HTML
  Rendering comentarios/new.html.erb within layouts/application
  Rendered comentarios/_form.html.erb (3.1ms)
  Rendered comentarios/new.html.erb within layouts/application (5.5ms)
Completed 200 OK in 38ms (Views: 35.3ms | ActiveRecord: 0.0ms)


Started GET "/comentarios" for 127.0.0.1 at 2017-03-20 00:50:34 -0300
Processing by ComentariosController#index as HTML
  Rendering comentarios/index.html.erb within layouts/application
  [1m[36mComentario Load (0.7ms)[0m  [1m[34mSELECT "comentarios".* FROM "comentarios"[0m
  [1m[36mNoticium Load (0.6ms)[0m  [1m[34mSELECT  "noticia".* FROM "noticia" WHERE "noticia"."id" = $1 LIMIT $2[0m  [["id", 1], ["LIMIT", 1]]
  [1m[36mCACHE (0.0ms)[0m  [1m[34mSELECT  "noticia".* FROM "noticia" WHERE "noticia"."id" = $1 LIMIT $2[0m  [["id", 1], ["LIMIT", 1]]
  [1m[36mNoticium Load (0.5ms)[0m  [1m[34mSELECT  "noticia".* FROM "noticia" WHERE "noticia"."id" = $1 LIMIT $2[0m  [["id", 2], ["LIMIT", 1]]
  Rendered comentarios/index.html.erb within layouts/application (12.3ms)
Completed 200 OK in 67ms (Views: 63.1ms | ActiveRecord: 1.9ms)


